<?xml version="1.0" encoding="UTF-8"?>
<!-- Generated by org.testng.reporters.JUnitXMLReporter -->
<testsuite hostname="LAPTOP-4MO39718" name="Login guru on Chrome" tests="5" failures="0" timestamp="31 Mar 2019 10:17:49 GMT" time="22.301" errors="0">
  <testcase name="TC_CustomerCannotBlank_01" time="0.345" classname="com.bankguru.testcase.NewCustomerScript"/>
  <testcase name="TC_DateFieldCannotBlank_02" time="0.261" classname="com.bankguru.testcase.NewCustomerScript"/>
  <testcase name="TC_NameCannotFirstSpace_05" time="0.222" classname="com.bankguru.testcase.NewCustomerScript"/>
  <testcase name="TC_NameCannotNumberic_03" time="0.392" classname="com.bankguru.testcase.NewCustomerScript"/>
  <testcase name="TC_NameCannotSpecialText_04" time="0.41" classname="com.bankguru.testcase.NewCustomerScript"/>
</testsuite> <!-- Login guru on Chrome -->
